  test.c
c:\program files (x86)\microsoft visual studio\2017\community\vc\tools\msvc\14.16.27023\include\cstdlib(19): error C2061: syntax error: identifier 'noexcept'
c:\program files (x86)\microsoft visual studio\2017\community\vc\tools\msvc\14.16.27023\include\cstdlib(19): error C2059: syntax error: ';'
c:\program files (x86)\microsoft visual studio\2017\community\vc\tools\msvc\14.16.27023\include\cstdlib(20): error C2449: found '{' at file scope (missing function header?)
c:\program files (x86)\microsoft visual studio\2017\community\vc\tools\msvc\14.16.27023\include\cstdlib(22): error C2059: syntax error: '}'
c:\program files (x86)\microsoft visual studio\2017\community\vc\tools\msvc\14.16.27023\include\cstdlib(29): error C2061: syntax error: identifier 'noexcept'
c:\program files (x86)\microsoft visual studio\2017\community\vc\tools\msvc\14.16.27023\include\cstdlib(29): error C2059: syntax error: ';'
c:\program files (x86)\microsoft visual studio\2017\community\vc\tools\msvc\14.16.27023\include\cstdlib(30): error C2449: found '{' at file scope (missing function header?)
c:\program files (x86)\microsoft visual studio\2017\community\vc\tools\msvc\14.16.27023\include\cstdlib(32): error C2059: syntax error: '}'
c:\program files (x86)\microsoft visual studio\2017\community\vc\tools\msvc\14.16.27023\include\cstdint(17): error C2061: syntax error: identifier 'std'
c:\program files (x86)\microsoft visual studio\2017\community\vc\tools\msvc\14.16.27023\include\cstdint(17): error C2059: syntax error: ';'
c:\program files (x86)\microsoft visual studio\2017\community\vc\tools\msvc\14.16.27023\include\cstdint(17): error C2449: found '{' at file scope (missing function header?)
c:\program files (x86)\microsoft visual studio\2017\community\vc\tools\msvc\14.16.27023\include\cstdint(57): error C2059: syntax error: '}'
c:\program files (x86)\windows kits\10\include\10.0.16299.0\ucrt\corecrt_wstdio.h(306): warning C4013: '__local_stdio_printf_options' undefined; assuming extern returning int
c:\program files (x86)\windows kits\10\include\10.0.16299.0\ucrt\corecrt_wstdio.h(306): error C2100: illegal indirection
c:\program files (x86)\windows kits\10\include\10.0.16299.0\ucrt\corecrt_wstdio.h(335): error C2100: illegal indirection
c:\program files (x86)\windows kits\10\include\10.0.16299.0\ucrt\corecrt_wstdio.h(368): error C2100: illegal indirection
c:\program files (x86)\windows kits\10\include\10.0.16299.0\ucrt\corecrt_wstdio.h(1060): error C2100: illegal indirection
c:\program files (x86)\windows kits\10\include\10.0.16299.0\ucrt\corecrt_wstdio.h(1085): error C2100: illegal indirection
c:\program files (x86)\windows kits\10\include\10.0.16299.0\ucrt\corecrt_wstdio.h(1162): error C2100: illegal indirection
c:\program files (x86)\windows kits\10\include\10.0.16299.0\ucrt\corecrt_wstdio.h(1266): error C2100: illegal indirection
c:\program files (x86)\windows kits\10\include\10.0.16299.0\ucrt\corecrt_wstdio.h(1314): error C2100: illegal indirection
c:\program files (x86)\windows kits\10\include\10.0.16299.0\ucrt\corecrt_wstdio.h(1349): error C2100: illegal indirection
c:\program files (x86)\windows kits\10\include\10.0.16299.0\ucrt\corecrt_wstdio.h(1382): error C2100: illegal indirection
c:\program files (x86)\windows kits\10\include\10.0.16299.0\ucrt\stdio.h(641): error C2100: illegal indirection
c:\program files (x86)\windows kits\10\include\10.0.16299.0\ucrt\stdio.h(670): error C2100: illegal indirection
c:\program files (x86)\windows kits\10\include\10.0.16299.0\ucrt\stdio.h(703): error C2100: illegal indirection
c:\program files (x86)\windows kits\10\include\10.0.16299.0\ucrt\stdio.h(1389): error C2100: illegal indirection
c:\program files (x86)\windows kits\10\include\10.0.16299.0\ucrt\stdio.h(1439): error C2100: illegal indirection
c:\program files (x86)\windows kits\10\include\10.0.16299.0\ucrt\stdio.h(1497): error C2100: illegal indirection
c:\program files (x86)\windows kits\10\include\10.0.16299.0\ucrt\stdio.h(1546): error C2100: illegal indirection
c:\program files (x86)\windows kits\10\include\10.0.16299.0\ucrt\stdio.h(1584): error C2100: illegal indirection
c:\program files (x86)\windows kits\10\include\10.0.16299.0\ucrt\stdio.h(1658): error C2100: illegal indirection
c:\program files (x86)\windows kits\10\include\10.0.16299.0\ucrt\stdio.h(1689): error C2100: illegal indirection
c:\program files (x86)\windows kits\10\include\10.0.16299.0\ucrt\stdio.h(1722): error C2100: illegal indirection
c:\program files (x86)\microsoft visual studio\2017\community\vc\tools\msvc\14.16.27023\include\cstdio(29): error C2061: syntax error: identifier 'std'
c:\program files (x86)\microsoft visual studio\2017\community\vc\tools\msvc\14.16.27023\include\cstdio(29): error C2059: syntax error: ';'
c:\program files (x86)\microsoft visual studio\2017\community\vc\tools\msvc\14.16.27023\include\cstdio(29): error C2449: found '{' at file scope (missing function header?)
c:\program files (x86)\microsoft visual studio\2017\community\vc\tools\msvc\14.16.27023\include\cstdio(56): error C2059: syntax error: '}'
c:\users\toshiba\source\repos\tetris\tetris\test.c(14): fatal error C1004: unexpected end-of-file found
